<?xml version="1.0" encoding="UTF-8"?>
<testng-results ignored="0" total="4" passed="4" failed="0" skipped="0">
  <reporter-output>
  </reporter-output>
  <suite started-at="2019-04-03T14:27:21Z" name="NegativeLogInTestSuite" finished-at="2019-04-03T14:27:40Z" duration-ms="18533">
    <groups>
    </groups>
    <test started-at="2019-04-03T14:27:21Z" name="NegativePasswordTest-CH" finished-at="2019-04-03T14:27:34Z" duration-ms="13103">
      <class name="com.herokuapp.theinternet.loginpagetests.NegativeLogInTests">
        <test-method is-config="true" signature="setUp(java.lang.String, org.testng.ITestContext)[pri:0, instance:com.herokuapp.theinternet.loginpagetests.NegativeLogInTests@57250572]" started-at="2019-04-03T14:27:21Z" name="setUp" finished-at="2019-04-03T14:27:29Z" duration-ms="7486" status="PASS">
          <params>
            <param index="0">
              <value>
                <![CDATA[chrome]]>
              </value>
            </param>
            <param index="1">
              <value>
                <![CDATA[org.testng.TestRunner@6631f5ca]]>
              </value>
            </param>
          </params>
          <reporter-output>
          </reporter-output>
        </test-method> <!-- setUp -->
        <test-method signature="negativeTest(java.lang.String, java.lang.String, java.lang.String)[pri:1, instance:com.herokuapp.theinternet.loginpagetests.NegativeLogInTests@57250572]" started-at="2019-04-03T14:27:29Z" name="negativeTest" finished-at="2019-04-03T14:27:34Z" duration-ms="5350" status="PASS">
          <params>
            <param index="0">
              <value>
                <![CDATA[tomsmith]]>
              </value>
            </param>
            <param index="1">
              <value>
                <![CDATA[incorrectPassword]]>
              </value>
            </param>
            <param index="2">
              <value>
                <![CDATA[Your password is invalid!]]>
              </value>
            </param>
          </params>
          <reporter-output>
          </reporter-output>
        </test-method> <!-- negativeTest -->
        <test-method is-config="true" signature="tearDown()[pri:0, instance:com.herokuapp.theinternet.loginpagetests.NegativeLogInTests@57250572]" started-at="2019-04-03T14:27:34Z" name="tearDown" finished-at="2019-04-03T14:27:34Z" duration-ms="215" status="PASS">
          <reporter-output>
          </reporter-output>
        </test-method> <!-- tearDown -->
      </class> <!-- com.herokuapp.theinternet.loginpagetests.NegativeLogInTests -->
    </test> <!-- NegativePasswordTest-CH -->
    <test started-at="2019-04-03T14:27:21Z" name="NegativeUsernameTest-CH" finished-at="2019-04-03T14:27:34Z" duration-ms="13153">
      <class name="com.herokuapp.theinternet.loginpagetests.NegativeLogInTests">
        <test-method is-config="true" signature="setUp(java.lang.String, org.testng.ITestContext)[pri:0, instance:com.herokuapp.theinternet.loginpagetests.NegativeLogInTests@1757cd72]" started-at="2019-04-03T14:27:21Z" name="setUp" finished-at="2019-04-03T14:27:29Z" duration-ms="7738" status="PASS">
          <params>
            <param index="0">
              <value>
                <![CDATA[chrome]]>
              </value>
            </param>
            <param index="1">
              <value>
                <![CDATA[org.testng.TestRunner@b62d79]]>
              </value>
            </param>
          </params>
          <reporter-output>
          </reporter-output>
        </test-method> <!-- setUp -->
        <test-method signature="negativeTest(java.lang.String, java.lang.String, java.lang.String)[pri:1, instance:com.herokuapp.theinternet.loginpagetests.NegativeLogInTests@1757cd72]" started-at="2019-04-03T14:27:29Z" name="negativeTest" finished-at="2019-04-03T14:27:34Z" duration-ms="5148" status="PASS">
          <params>
            <param index="0">
              <value>
                <![CDATA[incorrectUsername]]>
              </value>
            </param>
            <param index="1">
              <value>
                <![CDATA[SuperSecretPassword!]]>
              </value>
            </param>
            <param index="2">
              <value>
                <![CDATA[Your username is invalid!]]>
              </value>
            </param>
          </params>
          <reporter-output>
          </reporter-output>
        </test-method> <!-- negativeTest -->
        <test-method is-config="true" signature="tearDown()[pri:0, instance:com.herokuapp.theinternet.loginpagetests.NegativeLogInTests@1757cd72]" started-at="2019-04-03T14:27:34Z" name="tearDown" finished-at="2019-04-03T14:27:34Z" duration-ms="218" status="PASS">
          <reporter-output>
          </reporter-output>
        </test-method> <!-- tearDown -->
      </class> <!-- com.herokuapp.theinternet.loginpagetests.NegativeLogInTests -->
    </test> <!-- NegativeUsernameTest-CH -->
    <test started-at="2019-04-03T14:27:21Z" name="NegativeUsernameTest-FF" finished-at="2019-04-03T14:27:40Z" duration-ms="18470">
      <class name="com.herokuapp.theinternet.loginpagetests.NegativeLogInTests">
        <test-method is-config="true" signature="setUp(java.lang.String, org.testng.ITestContext)[pri:0, instance:com.herokuapp.theinternet.loginpagetests.NegativeLogInTests@623a8092]" started-at="2019-04-03T14:27:21Z" name="setUp" finished-at="2019-04-03T14:27:33Z" duration-ms="12240" status="PASS">
          <params>
            <param index="0">
              <value>
                <![CDATA[firefox]]>
              </value>
            </param>
            <param index="1">
              <value>
                <![CDATA[org.testng.TestRunner@1613674b]]>
              </value>
            </param>
          </params>
          <reporter-output>
          </reporter-output>
        </test-method> <!-- setUp -->
        <test-method signature="negativeTest(java.lang.String, java.lang.String, java.lang.String)[pri:1, instance:com.herokuapp.theinternet.loginpagetests.NegativeLogInTests@623a8092]" started-at="2019-04-03T14:27:33Z" name="negativeTest" finished-at="2019-04-03T14:27:39Z" duration-ms="5180" status="PASS">
          <params>
            <param index="0">
              <value>
                <![CDATA[incorrectUsername]]>
              </value>
            </param>
            <param index="1">
              <value>
                <![CDATA[SuperSecretPassword!]]>
              </value>
            </param>
            <param index="2">
              <value>
                <![CDATA[Your username is invalid!]]>
              </value>
            </param>
          </params>
          <reporter-output>
          </reporter-output>
        </test-method> <!-- negativeTest -->
        <test-method is-config="true" signature="tearDown()[pri:0, instance:com.herokuapp.theinternet.loginpagetests.NegativeLogInTests@623a8092]" started-at="2019-04-03T14:27:39Z" name="tearDown" finished-at="2019-04-03T14:27:40Z" duration-ms="1001" status="PASS">
          <reporter-output>
          </reporter-output>
        </test-method> <!-- tearDown -->
      </class> <!-- com.herokuapp.theinternet.loginpagetests.NegativeLogInTests -->
    </test> <!-- NegativeUsernameTest-FF -->
    <test started-at="2019-04-03T14:27:21Z" name="NegativePasswordTest-FF" finished-at="2019-04-03T14:27:40Z" duration-ms="18533">
      <class name="com.herokuapp.theinternet.loginpagetests.NegativeLogInTests">
        <test-method is-config="true" signature="setUp(java.lang.String, org.testng.ITestContext)[pri:0, instance:com.herokuapp.theinternet.loginpagetests.NegativeLogInTests@394a2528]" started-at="2019-04-03T14:27:21Z" name="setUp" finished-at="2019-04-03T14:27:33Z" duration-ms="12273" status="PASS">
          <params>
            <param index="0">
              <value>
                <![CDATA[firefox]]>
              </value>
            </param>
            <param index="1">
              <value>
                <![CDATA[org.testng.TestRunner@5ace1ed4]]>
              </value>
            </param>
          </params>
          <reporter-output>
          </reporter-output>
        </test-method> <!-- setUp -->
        <test-method signature="negativeTest(java.lang.String, java.lang.String, java.lang.String)[pri:1, instance:com.herokuapp.theinternet.loginpagetests.NegativeLogInTests@394a2528]" started-at="2019-04-03T14:27:33Z" name="negativeTest" finished-at="2019-04-03T14:27:39Z" duration-ms="5201" status="PASS">
          <params>
            <param index="0">
              <value>
                <![CDATA[tomsmith]]>
              </value>
            </param>
            <param index="1">
              <value>
                <![CDATA[incorrectPassword]]>
              </value>
            </param>
            <param index="2">
              <value>
                <![CDATA[Your password is invalid!]]>
              </value>
            </param>
          </params>
          <reporter-output>
          </reporter-output>
        </test-method> <!-- negativeTest -->
        <test-method is-config="true" signature="tearDown()[pri:0, instance:com.herokuapp.theinternet.loginpagetests.NegativeLogInTests@394a2528]" started-at="2019-04-03T14:27:39Z" name="tearDown" finished-at="2019-04-03T14:27:40Z" duration-ms="1002" status="PASS">
          <reporter-output>
          </reporter-output>
        </test-method> <!-- tearDown -->
      </class> <!-- com.herokuapp.theinternet.loginpagetests.NegativeLogInTests -->
    </test> <!-- NegativePasswordTest-FF -->
  </suite> <!-- NegativeLogInTestSuite -->
</testng-results>
